<?xml version="1.0" encoding="UTF-8"?>
<testng-results skipped="0" failed="0" ignored="0" total="1" passed="1">
  <reporter-output>
  </reporter-output>
  <suite name="ExtentSuite" duration-ms="69" started-at="2022-08-30T03:09:20 IST" finished-at="2022-08-30T03:09:20 IST">
    <groups>
    </groups>
    <test name="createFolder" duration-ms="69" started-at="2022-08-30T03:09:20 IST" finished-at="2022-08-30T03:09:20 IST">
      <class name="folder.fol">
        <test-method status="PASS" signature="Test1()[pri:1, instance:folder.fol@d44fc21]" name="Test1" duration-ms="24" started-at="2022-08-30T03:09:20 IST" finished-at="2022-08-30T03:09:20 IST">
          <reporter-output>
          </reporter-output>
        </test-method> <!-- Test1 -->
      </class> <!-- folder.fol -->
    </test> <!-- createFolder -->
  </suite> <!-- ExtentSuite -->
</testng-results>
